<?xml version="1.0" encoding="UTF-8"?>
<!-- Generated by org.testng.reporters.JUnitReportReporter -->
<testsuite skipped="0" hostname="Patel" name="aayushpatelframework.TestCases.ErrorValidationTest" tests="2" failures="0" timestamp="02 Oct 2022 16:34:57 GMT" time="27.728" errors="0">
  <testcase name="productValidation" time="18.315" classname="aayushpatelframework.TestCases.ErrorValidationTest"/>
  <testcase name="loginValidation" time="9.413" classname="aayushpatelframework.TestCases.ErrorValidationTest"/>
</testsuite> <!-- aayushpatelframework.TestCases.ErrorValidationTest -->
