<?xml version="1.0" encoding="UTF-8"?>
<!-- Generated by org.testng.reporters.JUnitReportReporter -->
<testsuite skipped="0" hostname="Patel" name="aayushpatelframework.TestCases.StandaloneTest" tests="3" failures="0" timestamp="02 Oct 2022 17:19:50 GMT" time="47.920" errors="0">
  <testcase name="E2Eorder" time="14.726" classname="aayushpatelframework.TestCases.StandaloneTest"/>
  <testcase name="OrderHistoryTest" time="9.602" classname="aayushpatelframework.TestCases.StandaloneTest"/>
  <testcase name="E2Eorder" time="23.592" classname="aayushpatelframework.TestCases.StandaloneTest"/>
</testsuite> <!-- aayushpatelframework.TestCases.StandaloneTest -->
