<?xml version="1.0" encoding="UTF-8"?>
<!-- Generated by org.testng.reporters.JUnitReportReporter -->
<testsuite hostname="LAPTOP-J1DRFQ3J" failures="0" tests="3" name="aayushpatelframework.TestCases.StandaloneTest" time="36.718" errors="0" timestamp="07 Oct 2022 13:48:46 GMT" skipped="0">
  <testcase classname="aayushpatelframework.TestCases.StandaloneTest" name="E2Eorder" time="11.224"/>
  <testcase classname="aayushpatelframework.TestCases.StandaloneTest" name="E2Eorder" time="16.765"/>
  <testcase classname="aayushpatelframework.TestCases.StandaloneTest" name="OrderHistoryTest" time="8.729"/>
</testsuite> <!-- aayushpatelframework.TestCases.StandaloneTest -->
