<?xml version="1.0" encoding="UTF-8"?>
<!-- Generated by org.testng.reporters.JUnitReportReporter -->
<testsuite hostname="LAPTOP-J1DRFQ3J" failures="0" tests="3" name="aayushpatelframework.TestCases.StandaloneTest" time="33.859" errors="0" timestamp="06 Oct 2022 16:00:47 GMT" skipped="0">
  <testcase classname="aayushpatelframework.TestCases.StandaloneTest" name="OrderHistoryTest" time="3.945"/>
  <testcase classname="aayushpatelframework.TestCases.StandaloneTest" name="E2Eorder" time="13.422"/>
  <testcase classname="aayushpatelframework.TestCases.StandaloneTest" name="E2Eorder" time="16.492"/>
</testsuite> <!-- aayushpatelframework.TestCases.StandaloneTest -->
