<?xml version="1.0" encoding="UTF-8"?>
<!-- Generated by org.testng.reporters.JUnitReportReporter -->
<testsuite skipped="0" hostname="Patel" name="aayushpatelframework.TestCases.StandaloneTest" tests="3" failures="0" timestamp="07 Oct 2022 13:17:57 GMT" time="53.312" errors="0">
  <testcase name="E2Eorder" time="24.345" classname="aayushpatelframework.TestCases.StandaloneTest"/>
  <testcase name="OrderHistoryTest" time="9.277" classname="aayushpatelframework.TestCases.StandaloneTest"/>
  <testcase name="E2Eorder" time="19.690" classname="aayushpatelframework.TestCases.StandaloneTest"/>
</testsuite> <!-- aayushpatelframework.TestCases.StandaloneTest -->
