<?xml version="1.0" encoding="UTF-8"?>
<!-- Generated by org.testng.reporters.JUnitReportReporter -->
<testsuite skipped="0" hostname="Patel" name="aayushpatelframework.TestCases.StandaloneTest" tests="3" failures="0" timestamp="06 Oct 2022 09:32:33 GMT" time="48.728" errors="0">
  <testcase name="E2Eorder" time="22.497" classname="aayushpatelframework.TestCases.StandaloneTest"/>
  <testcase name="OrderHistoryTest" time="8.109" classname="aayushpatelframework.TestCases.StandaloneTest"/>
  <testcase name="E2Eorder" time="18.122" classname="aayushpatelframework.TestCases.StandaloneTest"/>
</testsuite> <!-- aayushpatelframework.TestCases.StandaloneTest -->
