<?xml version="1.0" encoding="UTF-8"?>
<!-- Generated by org.testng.reporters.JUnitReportReporter -->
<testsuite hostname="Patel" failures="0" tests="3" name="aayushpatelframework.TestCases.StandaloneTest" time="55.896" errors="0" timestamp="07 Oct 2022 14:22:00 GMT" skipped="0">
  <testcase classname="aayushpatelframework.TestCases.StandaloneTest" name="E2Eorder" time="19.246"/>
  <testcase classname="aayushpatelframework.TestCases.StandaloneTest" name="OrderHistoryTest" time="16.405"/>
  <testcase classname="aayushpatelframework.TestCases.StandaloneTest" name="E2Eorder" time="20.245"/>
</testsuite> <!-- aayushpatelframework.TestCases.StandaloneTest -->
